[1678693890366] INFO  (ext): SQLTools is starting
[1678693890367] INFO  (ext): initializing language client...
[1678693890370] INFO  (ext): Registering client for languages [{"scheme":"sqltools"},{"language":"sql","scheme":"untitled"},{"language":"sql","scheme":"file"},{"language":"sql","scheme":"sqltools"}]
    ns: "lc"
[1678693890375] INFO  (ext): loading plugins...
[1678693890375] INFO  (ext): registering Formatter Plugin.
    plugin: {
      "name": "Formatter Plugin"
    }
[1678693890376] INFO  (ext): registering Connection Manager Plugin.
    plugin: {
      "name": "Connection Manager Plugin"
    }
[1678693890376] INFO  (ext): registering CodeLens Plugin.
    plugin: {
      "name": "CodeLens Plugin",
      "registeredLanguages": []
    }
[1678693890378] INFO  (ext): registering Dependency Manager Plugin.
    plugin: {
      "name": "Dependency Manager Plugin",
      "installingDrivers": []
    }
[1678693890379] INFO  (ext): Connection explorer changed. Will be updated.
    ns: "conn-man:explorer"
[1678693890380] INFO  (ext): registering History Manager Plugin.
    plugin: {
      "name": "History Manager Plugin"
    }
[1678693890380] INFO  (ext): registering Bookmarks Manager Plugin.
    plugin: {
      "name": "Bookmarks Manager Plugin"
    }
[1678693890381] INFO  (ext): registering Authentication Provider Plugin.
    plugin: {
      "name": "Authentication Provider Plugin",
      "isRegistered": false
    }
[1678693890382] INFO  (ext): SQLTools activation completed. 16.232565 ms
[1678693890393] INFO  (ext): Formatter Plugin registered!
[1678693890393] INFO  (ext): CodeLens Plugin registered!
[1678693890393] INFO  (ext): Dependency Manager Plugin registered!
[1678693890394] INFO  (ext): Connection Manager Plugin registered!
[1678693890394] INFO  (ext): History Manager Plugin registered!
[1678693890394] INFO  (ext): Bookmarks Manager Plugin registered!
[1678693890394] INFO  (ext): Authentication Provider Plugin registered!
[1678693890605] INFO  (ls): SQLTools Server started!
===============================
Using node runtime?: no
ExecPath: /opt/visual-studio-code-insiders/code-insiders 
===============================
[1678693890616] INFO  (ext): LanguageClient ready
    ns: "lc"
[1678693890613] INFO  (ls): Initialized with node version:v16.14.2
[1678693891395] INFO  (ext): EXECUTING COMMAND => sqltools.refreshTree
[1678693891396] INFO  (ext): Connection explorer changed. Will be updated.
    ns: "conn-man:explorer"
[1678693892381] INFO  (ext): Connection explorer changed. Will be updated.
    ns: "conn-man:explorer"
