INFO 8/27/2020, 1:51:27 PM  luanchFromDiffVersion, pre version is undefined
INFO 8/27/2020, 1:51:27 PM  overwriteThemeFolder
INFO 8/27/2020, 1:51:27 PM  ------------------start------------------
INFO 8/27/2020, 1:51:27 PM  typora version: 0.9.92
DEBUG 8/27/2020, 1:51:27 PM  [ '/usr/share/typora/Typora', 'setting.md' ]
DEBUG 8/27/2020, 1:51:27 PM  app.openFile
INFO 8/27/2020, 1:51:27 PM  addRecentDocument
INFO 8/27/2020, 1:51:27 PM  [Raven] instanceKey = 95638c2e-f506-434a-a2bf-d64f5ea8d3eb
INFO 8/27/2020, 1:51:27 PM  [focus] 1
INFO 8/27/2020, 1:51:27 PM  [Raven] userId = 34217051-3650-4dbc-ad95-bb15dedb51e1
INFO 8/27/2020, 1:51:29 PM  [blur] 1
INFO 8/27/2020, 1:51:30 PM  [focus] 1
INFO 8/27/2020, 1:51:37 PM  [blur] 1
INFO 8/27/2020, 1:51:49 PM  [focus] 1
INFO 8/27/2020, 1:52:44 PM  [blur] 1
INFO 8/27/2020, 2:00:46 PM  [focus] 1
INFO 8/27/2020, 2:00:56 PM  [blur] 1
INFO 8/27/2020, 2:01:16 PM  [focus] 1
INFO 8/27/2020, 2:01:17 PM  [blur] 1
INFO 8/27/2020, 2:01:22 PM  [focus] 1
INFO 8/27/2020, 2:01:24 PM  [blur] 1
INFO 8/27/2020, 2:01:27 PM  [focus] 1
INFO 8/27/2020, 2:01:30 PM  [blur] 1
INFO 8/27/2020, 2:01:37 PM  [focus] 1
INFO 8/27/2020, 2:01:58 PM  [blur] 1
INFO 8/27/2020, 2:02:06 PM  [focus] 1
INFO 8/27/2020, 2:02:15 PM  [blur] 1
INFO 8/27/2020, 2:03:58 PM  [focus] 1
INFO 8/27/2020, 2:03:59 PM  [blur] 1
INFO 8/27/2020, 2:04:30 PM  [focus] 1
INFO 8/27/2020, 2:04:39 PM  [blur] 1
INFO 8/27/2020, 2:06:04 PM  [focus] 1
INFO 8/27/2020, 2:06:08 PM  [blur] 1
INFO 8/27/2020, 2:18:26 PM  [focus] 1
INFO 8/27/2020, 2:18:26 PM  [blur] 1
INFO 8/27/2020, 2:18:26 PM  [focus] 1
INFO 8/27/2020, 2:18:26 PM  [blur] 1
INFO 8/27/2020, 2:18:26 PM  [focus] 1
INFO 8/27/2020, 2:18:33 PM  ----------------before-quit-----------------
INFO 8/27/2020, 2:18:33 PM  ------------------will-quit------------------
INFO 8/27/2020, 2:40:50 PM  ------------------start------------------
INFO 8/27/2020, 2:40:50 PM  typora version: 0.9.92
DEBUG 8/27/2020, 2:40:50 PM  [ '/usr/share/typora/Typora', 'setting.md' ]
DEBUG 8/27/2020, 2:40:50 PM  app.openFile
INFO 8/27/2020, 2:40:50 PM  addRecentDocument
INFO 8/27/2020, 2:40:50 PM  [Raven] instanceKey = 75334f75-a27a-446f-9d48-789074c8d6f4
INFO 8/27/2020, 2:40:50 PM  [Raven] userId = 34217051-3650-4dbc-ad95-bb15dedb51e1
INFO 8/27/2020, 2:40:50 PM  [focus] 1
INFO 8/27/2020, 2:41:26 PM  [blur] 1
INFO 8/27/2020, 2:41:49 PM  [focus] 1
INFO 8/27/2020, 2:41:56 PM  [blur] 1
INFO 8/27/2020, 2:42:40 PM  [focus] 1
INFO 8/27/2020, 2:42:42 PM  ----------------before-quit-----------------
INFO 8/27/2020, 2:42:42 PM  ------------------will-quit------------------
INFO 8/27/2020, 4:51:31 PM  ------------------start------------------
INFO 8/27/2020, 4:51:31 PM  typora version: 0.9.92
DEBUG 8/27/2020, 4:51:31 PM  [ '/usr/share/typora/Typora', 'config' ]
DEBUG 8/27/2020, 4:51:31 PM  app.openFile
INFO 8/27/2020, 4:51:31 PM  addRecentDocument
INFO 8/27/2020, 4:51:31 PM  [Raven] instanceKey = 351b7e30-08eb-4096-896e-0c88e5cc8c96
INFO 8/27/2020, 4:51:31 PM  [Raven] userId = 34217051-3650-4dbc-ad95-bb15dedb51e1
INFO 8/27/2020, 4:51:31 PM  [focus] 1
INFO 8/27/2020, 4:51:44 PM  ----------------before-quit-----------------
INFO 8/27/2020, 4:51:44 PM  ------------------will-quit------------------
INFO 8/27/2020, 5:06:56 PM  ------------------start------------------
INFO 8/27/2020, 5:06:56 PM  typora version: 0.9.92
DEBUG 8/27/2020, 5:06:56 PM  [ '/usr/share/typora/Typora', 'setting.md' ]
DEBUG 8/27/2020, 5:06:56 PM  app.openFile
INFO 8/27/2020, 5:06:56 PM  addRecentDocument
INFO 8/27/2020, 5:06:56 PM  [Raven] instanceKey = 5402425d-b8de-4a20-a847-52b37bdf464a
INFO 8/27/2020, 5:06:56 PM  [focus] 1
INFO 8/27/2020, 5:06:56 PM  [Raven] userId = 34217051-3650-4dbc-ad95-bb15dedb51e1
INFO 8/27/2020, 5:06:58 PM  [blur] 1
INFO 8/27/2020, 5:06:58 PM  [focus] 1
INFO 8/27/2020, 5:07:10 PM  [blur] 1
INFO 8/27/2020, 5:07:16 PM  [focus] 1
INFO 8/27/2020, 5:07:28 PM  [blur] 1
INFO 8/27/2020, 5:07:48 PM  ----------------before-quit-----------------
INFO 8/27/2020, 5:07:48 PM  ----------------before-quit-----------------
INFO 8/27/2020, 5:07:48 PM  ------------------will-quit------------------
INFO 2020/8/27 下午6:45:56  ------------------start------------------
INFO 2020/8/27 下午6:45:56  typora version: 0.9.92
DEBUG 2020/8/27 下午6:45:56  [ '/usr/share/typora/Typora', 'README.md' ]
DEBUG 2020/8/27 下午6:45:56  app.openFile
INFO 2020/8/27 下午6:45:56  addRecentDocument
INFO 2020/8/27 下午6:45:56  [Raven] instanceKey = d2c6fb7e-1207-4af6-ba6f-5c1bf6b2e07c
INFO 2020/8/27 下午6:45:56  [Raven] userId = 34217051-3650-4dbc-ad95-bb15dedb51e1
INFO 2020/8/27 下午6:45:56  [focus] 1
INFO 2020/8/27 下午6:45:57  [blur] 1
INFO 2020/8/27 下午6:45:58  [focus] 1
INFO 2020/8/27 下午6:46:06  [blur] 1
INFO 2020/8/27 下午6:46:06  [focus] 1
INFO 2020/8/27 下午6:46:08  [blur] 1
INFO 2020/8/27 下午6:46:09  [focus] 1
INFO 2020/8/27 下午6:47:25  [blur] 1
INFO 2020/8/27 下午6:47:28  ----------------before-quit-----------------
INFO 2020/8/27 下午6:47:34  ------------------start------------------
INFO 2020/8/27 下午6:47:34  typora version: 0.9.92
DEBUG 2020/8/27 下午6:47:34  [ '/usr/share/typora/Typora', 'README.md' ]
DEBUG 2020/8/27 下午6:47:34  app.openFile
INFO 2020/8/27 下午6:47:34  addRecentDocument
INFO 2020/8/27 下午6:47:34  [Raven] instanceKey = fde3a135-55c9-4df6-ba93-913ce823d341
INFO 2020/8/27 下午6:47:34  [focus] 1
INFO 2020/8/27 下午6:47:34  [Raven] userId = 34217051-3650-4dbc-ad95-bb15dedb51e1
INFO 2020/8/27 下午6:47:36  [blur] 1
INFO 2020/8/27 下午6:47:37  [focus] 1
INFO 2020/8/27 下午6:47:37  [blur] 1
INFO 2020/8/27 下午6:47:38  [focus] 1
INFO 2020/8/27 下午6:48:30  [blur] 1
INFO 2020/8/27 下午6:48:47  [focus] 1
INFO 2020/8/27 下午6:48:48  [blur] 1
INFO 2020/8/27 下午6:51:49  [focus] 1
INFO 2020/8/27 下午6:51:52  [blur] 1
INFO 2020/8/27 下午6:51:56  [focus] 1
INFO 2020/8/27 下午6:51:58  [blur] 1
INFO 2020/8/27 下午6:51:59  [focus] 1
INFO 2020/8/27 下午6:52:02  [blur] 1
INFO 2020/8/27 下午6:52:12  ----------------before-quit-----------------
