2023-03-13 15:47:15.202 [info] Added views:workbench.panel.markers.view in workbench.panel.markers
2023-03-13 15:47:15.202 [info] Added views:workbench.panel.output in workbench.panel.output
2023-03-13 15:47:15.202 [info] Added views:terminal in terminal
2023-03-13 15:47:15.202 [info] Added views:outline in workbench.view.explorer
2023-03-13 15:47:15.202 [info] Added views:workbench.scm in workbench.view.scm
2023-03-13 15:47:15.202 [info] Added views:workbench.view.search in workbench.view.search
2023-03-13 15:47:15.202 [info] Added views:timeline in workbench.view.explorer
2023-03-13 15:47:15.202 [info] Added views:workbench.explorer.emptyView in workbench.view.explorer
2023-03-13 15:47:15.371 [info] Added views:workbench.debug.variablesView,workbench.debug.watchExpressionsView,workbench.debug.callStackView,workbench.debug.breakPointsView in workbench.view.debug
2023-03-13 15:47:16.286 [info] Added views:workbench.panel.repl.view in workbench.panel.repl
2023-03-13 15:47:16.287 [info] Removed views:workbench.debug.breakPointsView,workbench.debug.callStackView,workbench.debug.watchExpressionsView,workbench.debug.variablesView from workbench.view.debug
2023-03-13 15:47:16.288 [info] Added views:workbench.debug.welcome in workbench.view.debug
2023-03-13 15:47:16.946 [info] Added views:workbench.views.extensions.installed,workbench.views.extensions.popular,extensions.recommendedList in workbench.view.extensions
2023-03-13 15:47:16.950 [info] Removed views:workbench.views.extensions.popular from workbench.view.extensions
2023-03-13 15:47:17.337 [info] Added views:workbench.views.extensions.popular in workbench.view.extensions
2023-03-13 15:47:20.528 [info] Removed views:extensions.recommendedList,workbench.views.extensions.popular,workbench.views.extensions.installed from workbench.view.extensions
2023-03-13 15:47:20.575 [info] Added views:workbench.views.extensions.marketplace in workbench.view.extensions
2023-03-13 15:47:31.422 [info] Removed views:workbench.views.extensions.marketplace from workbench.view.extensions
2023-03-13 15:47:31.441 [info] Added views:workbench.views.extensions.installed,workbench.views.extensions.popular,extensions.recommendedList in workbench.view.extensions
2023-03-13 15:47:32.544 [info] Removed views:extensions.recommendedList,workbench.views.extensions.popular,workbench.views.extensions.installed from workbench.view.extensions
2023-03-13 15:47:32.637 [info] Added views:workbench.views.extensions.marketplace in workbench.view.extensions
2023-03-13 15:47:34.814 [info] Removed views:workbench.views.extensions.marketplace from workbench.view.extensions
2023-03-13 15:47:34.843 [info] Added views:workbench.views.extensions.installed,workbench.views.extensions.popular,extensions.recommendedList in workbench.view.extensions
2023-03-13 15:47:54.056 [info] Removed views:extensions.recommendedList,workbench.views.extensions.popular,workbench.views.extensions.installed from workbench.view.extensions
2023-03-13 15:47:54.160 [info] Added views:workbench.views.extensions.marketplace in workbench.view.extensions
2023-03-13 15:48:28.432 [info] Removed views:workbench.views.extensions.marketplace from workbench.view.extensions
2023-03-13 15:48:28.444 [info] Added views:workbench.views.extensions.installed,workbench.views.extensions.popular,extensions.recommendedList in workbench.view.extensions
2023-03-13 15:48:50.447 [info] Added views:cell-tag in workbench.view.extension.jupyter
2023-03-13 15:48:52.236 [info] Added views:workbench.view.testing in workbench.view.extension.test
2023-03-13 15:50:23.962 [info] Added views:workbench.panel.comments in workbench.panel.comments
2023-03-13 15:50:33.256 [info] Added views:tabnine-home in workbench.view.extension.tabnine-access
2023-03-13 15:50:33.302 [info] Added views:tabnine-notifications in workbench.view.extension.tabnine-access
2023-03-13 15:50:33.304 [info] Added views:tabnine-today in workbench.view.extension.tabnine-access
2023-03-13 15:51:02.701 [info] Added views:projectsExplorerFavorites,projectManagerHelpAndFeedback in workbench.view.extension.project-manager
2023-03-13 15:51:02.885 [info] Added views:projectsExplorerGit in workbench.view.extension.project-manager
2023-03-13 15:51:17.932 [info] Added views:gitlens.views.home,gitlens.views.contributors in workbench.view.extension.gitlens
2023-03-13 15:51:17.939 [info] Added views:gitlens.views.commits,gitlens.views.commitDetails,gitlens.views.fileHistory,gitlens.views.branches,gitlens.views.remotes,gitlens.views.stashes,gitlens.views.tags,gitlens.views.searchAndCompare in workbench.view.scm
2023-03-13 15:51:18.400 [info] Removed views:gitlens.views.searchAndCompare,gitlens.views.tags,gitlens.views.stashes,gitlens.views.remotes,gitlens.views.branches,gitlens.views.fileHistory,gitlens.views.commitDetails,gitlens.views.commits from workbench.view.scm
2023-03-13 15:51:18.401 [info] Removed views:gitlens.views.contributors from workbench.view.extension.gitlens
2023-03-13 15:51:30.220 [info] Added views:sqltoolsViewConnectionExplorer,sqltoolsViewBookmarksExplorer,sqltoolsViewHistoryExplorer in workbench.view.extension.sqltoolsActivityBarContainer
2023-03-13 15:51:30.221 [info] Added views:sqltoolsViewConsoleMessages in workbench.view.extension.sqltoolsPanelContainer
2023-03-13 15:52:01.070 [info] Removed views:workbench.view.testing from workbench.view.extension.test
